<?xml version="1.0" encoding="UTF-8"?>
<!-- Generated by org.testng.reporters.JUnitReportReporter -->
<testsuite hostname="DESKTOP-M82P6OL" failures="0" tests="1" name="testCases.TestCase8" time="7.046" errors="0" timestamp="2024-11-02T21:46:24 IST" skipped="0">
  <testcase classname="testCases.TestCase8" name="VerifyAllProductsandproductdetailpage" time="7.046"/>
</testsuite> <!-- testCases.TestCase8 -->
