<?xml version="1.0" encoding="UTF-8"?>
<!-- Generated by org.testng.reporters.JUnitReportReporter -->
<testsuite hostname="DESKTOP-M82P6OL" failures="0" tests="1" name="testCases.TestCase17" time="15.446" errors="0" timestamp="2024-11-05T20:11:18 IST" skipped="0">
  <testcase classname="testCases.TestCase17" name="RemoveProductsFromCart" time="15.446"/>
</testsuite> <!-- testCases.TestCase17 -->
