<?xml version="1.0" encoding="UTF-8"?>
<!-- Generated by org.testng.reporters.JUnitReportReporter -->
<testsuite hostname="DESKTOP-M82P6OL" failures="0" tests="1" name="testCases.TestCase21" time="12.054" errors="0" timestamp="2024-11-07T18:46:07 IST" skipped="0">
  <testcase classname="testCases.TestCase21" name="AddReviewOnProduct" time="12.054"/>
</testsuite> <!-- testCases.TestCase21 -->
