<?xml version="1.0" encoding="UTF-8"?>
<!-- Generated by org.testng.reporters.JUnitReportReporter -->
<testsuite hostname="DESKTOP-M82P6OL" failures="0" tests="1" name="testCases.TestCase16" time="37.390" errors="0" timestamp="2024-11-05T19:39:16 IST" skipped="0">
  <testcase classname="testCases.TestCase16" name="PlaceOrderLoginBeforeCheckout" time="37.390"/>
</testsuite> <!-- testCases.TestCase16 -->
