<?xml version="1.0" encoding="UTF-8"?>
<!-- Generated by org.testng.reporters.JUnitReportReporter -->
<testsuite hostname="DESKTOP-M82P6OL" failures="0" tests="1" name="testCases.TestCase19" time="45.754" errors="0" timestamp="2024-11-07T13:59:43 IST" skipped="0">
  <testcase classname="testCases.TestCase19" name="ViewAndCartBrandProducts" time="45.754"/>
</testsuite> <!-- testCases.TestCase19 -->
