<?xml version="1.0" encoding="UTF-8"?>
<!-- Generated by org.testng.reporters.JUnitReportReporter -->
<testsuite hostname="DESKTOP-M82P6OL" failures="0" tests="1" name="testCases.TestCase11" time="4.289" errors="0" timestamp="2024-11-02T21:46:23 IST" skipped="0">
  <testcase classname="testCases.TestCase11" name="VerifySubscriptionInCartPage" time="4.289"/>
</testsuite> <!-- testCases.TestCase11 -->
