<?xml version="1.0" encoding="UTF-8"?>
<!-- Generated by org.testng.reporters.JUnitReportReporter -->
<testsuite hostname="DESKTOP-M82P6OL" failures="0" tests="1" name="testCases.DefaultTestCase" time="18.679" errors="0" timestamp="2024-11-02T14:18:04 IST" skipped="0">
  <testcase classname="testCases.DefaultTestCase" name="defaultTestCase" time="18.679"/>
</testsuite> <!-- testCases.DefaultTestCase -->
