<?xml version="1.0" encoding="UTF-8"?>
<!-- Generated by org.testng.reporters.JUnitReportReporter -->
<testsuite hostname="DESKTOP-M82P6OL" failures="0" tests="1" name="testCases.TestCase15" time="56.345" errors="0" timestamp="2024-11-05T19:27:06 IST" skipped="0">
  <testcase classname="testCases.TestCase15" name="PlaceOrderRegisterBeforeCheckout" time="56.345"/>
</testsuite> <!-- testCases.TestCase15 -->
