<?xml version="1.0" encoding="UTF-8"?>
<!-- Generated by org.testng.reporters.JUnitReportReporter -->
<testsuite hostname="DESKTOP-M82P6OL" failures="0" tests="1" name="testCases.TestCase2" time="14.248" errors="0" timestamp="2024-11-08T20:56:41 IST" skipped="0">
  <testcase classname="testCases.TestCase2" name="loginUserWithCorrectEmailAndPassword" time="14.248"/>
</testsuite> <!-- testCases.TestCase2 -->
