<?xml version="1.0" encoding="UTF-8"?>
<!-- Generated by org.testng.reporters.JUnitReportReporter -->
<testsuite hostname="DESKTOP-M82P6OL" failures="0" tests="1" name="testCases.TestCase10" time="4.355" errors="0" timestamp="2024-11-02T21:46:23 IST" skipped="0">
  <testcase classname="testCases.TestCase10" name="VerifySubscriptionInHomePage" time="4.355"/>
</testsuite> <!-- testCases.TestCase10 -->
