<?xml version="1.0" encoding="UTF-8"?>
<!-- Generated by org.testng.reporters.JUnitReportReporter -->
<testsuite hostname="DESKTOP-M82P6OL" failures="0" tests="1" name="testCases.TestCase9" time="13.928" errors="0" timestamp="2024-11-07T14:23:31 IST" skipped="0">
  <testcase classname="testCases.TestCase9" name="SearchProduct" time="13.928"/>
</testsuite> <!-- testCases.TestCase9 -->
