<?xml version="1.0" encoding="UTF-8"?>
<!-- Generated by org.testng.reporters.JUnitReportReporter -->
<testsuite hostname="DESKTOP-M82P6OL" failures="0" tests="1" name="testCases.TestCase22" time="14.968" errors="0" timestamp="2024-11-07T23:50:06 IST" skipped="0">
  <testcase classname="testCases.TestCase22" name="AddToCartFromRecommendedItems" time="14.968"/>
</testsuite> <!-- testCases.TestCase22 -->
