<?xml version="1.0" encoding="UTF-8"?>
<!-- Generated by org.testng.reporters.JUnitReportReporter -->
<testsuite hostname="DESKTOP-M82P6OL" failures="0" tests="1" name="testCases.TestCase7" time="3.362" errors="0" timestamp="2024-11-02T21:46:24 IST" skipped="0">
  <testcase classname="testCases.TestCase7" name="VerifyTestCasesPage" time="3.362"/>
</testsuite> <!-- testCases.TestCase7 -->
