<?xml version="1.0" encoding="UTF-8"?>
<!-- Generated by org.testng.reporters.JUnitReportReporter -->
<testsuite hostname="DESKTOP-M82P6OL" failures="0" tests="1" name="testCases.TestCase18" time="12.299" errors="0" timestamp="2024-11-06T21:22:15 IST" skipped="0">
  <testcase classname="testCases.TestCase18" name="ViewCategoryProducts" time="12.299"/>
</testsuite> <!-- testCases.TestCase18 -->
