<?xml version="1.0" encoding="UTF-8"?>
<!-- Generated by org.testng.reporters.JUnitReportReporter -->
<testsuite hostname="DESKTOP-M82P6OL" failures="0" tests="1" name="testCases.TestCase20" time="57.556" errors="0" timestamp="2024-11-07T17:24:14 IST" skipped="0">
  <testcase classname="testCases.TestCase20" name="SearchProductsAndVerifyCartAfterLogin" time="57.556"/>
</testsuite> <!-- testCases.TestCase20 -->
