<?xml version="1.0" encoding="UTF-8"?>
<!-- Generated by org.testng.reporters.JUnitReportReporter -->
<testsuite hostname="DESKTOP-M82P6OL" failures="0" tests="1" name="testCases.TestCase6" time="9.602" errors="0" timestamp="2024-11-02T21:46:23 IST" skipped="0">
  <testcase classname="testCases.TestCase6" name="contactUsForm" time="9.602"/>
</testsuite> <!-- testCases.TestCase6 -->
