<?xml version="1.0" encoding="UTF-8"?>
<!-- Generated by org.testng.reporters.JUnitReportReporter -->
<testsuite hostname="DESKTOP-M82P6OL" failures="0" tests="1" name="testCases.TestCase14" time="65.089" errors="0" timestamp="2024-11-05T18:59:59 IST" skipped="0">
  <testcase classname="testCases.TestCase14" name="PlaceOrderRegisterWhileCheckout" time="65.089"/>
</testsuite> <!-- testCases.TestCase14 -->
