<?xml version="1.0" encoding="UTF-8"?>
<!-- Generated by org.testng.reporters.JUnitReportReporter -->
<testsuite hostname="DESKTOP-M82P6OL" failures="0" tests="1" name="testCases.TestCase12" time="15.906" errors="0" timestamp="2024-11-02T21:48:25 IST" skipped="0">
  <testcase classname="testCases.TestCase12" name="AddProductsInCart" time="15.906"/>
</testsuite> <!-- testCases.TestCase12 -->
