<?xml version="1.0" encoding="UTF-8"?>
<!-- Generated by org.testng.reporters.JUnitReportReporter -->
<testsuite hostname="DESKTOP-M82P6OL" failures="0" tests="1" name="testCases.TestCase13" time="12.278" errors="0" timestamp="2024-11-05T12:45:56 IST" skipped="0">
  <testcase classname="testCases.TestCase13" name="VerifyProductQuantityInCart" time="12.278"/>
</testsuite> <!-- testCases.TestCase13 -->
